Inf Result at Epoch 600 for variable ionization_H+ at time index 1: PSNR = 34.28557336330414 dB
Inf Result at Epoch 600 for variable ionization_H+ at time index 2: PSNR = 34.54539716243744 dB
Inf Result at Epoch 600 for variable ionization_H+ at time index 3: PSNR = 34.696003794670105 dB
Inf Result at Epoch 600 for variable ionization_H+ at time index 4: PSNR = 34.60706412792206 dB
Inf Result at Epoch 600 for variable ionization_H+ at time index 5: PSNR = 34.68281924724579 dB
Inf Result at Epoch 600 for variable ionization_H+ at time index 6: PSNR = 35.141820311546326 dB
Inf Result at Epoch 600 for variable ionization_H+ at time index 7: PSNR = 35.43233811855316 dB
Inf Result at Epoch 600 for variable ionization_H+ at time index 8: PSNR = 35.16165912151337 dB
Inf Result at Epoch 600 for variable ionization_H+ at time index 9: PSNR = 35.21771848201752 dB
Inf Result at Epoch 600 for variable ionization_H+ at time index 10: PSNR = 35.81011712551117 dB
Inf Result at Epoch 600 for variable ionization_H+ at time index 11: PSNR = 36.096622347831726 dB
Inf Result at Epoch 600 for variable ionization_H+ at time index 12: PSNR = 35.80974757671356 dB
Inf Result at Epoch 600 for variable ionization_H+ at time index 13: PSNR = 35.73646008968353 dB
Inf Result at Epoch 600 for variable ionization_H+ at time index 14: PSNR = 35.9058278799057 dB
Inf Result at Epoch 600 for variable ionization_H+ at time index 15: PSNR = 36.19282424449921 dB
Inf Result at Epoch 600 for variable ionization_H+ at time index 16: PSNR = 35.886308550834656 dB
Inf Result at Epoch 600 for variable ionization_H+ at time index 17: PSNR = 35.78250825405121 dB
Inf Result at Epoch 600 for variable ionization_H+ at time index 18: PSNR = 35.882248282432556 dB
Inf Result at Epoch 600 for variable ionization_H+ at time index 19: PSNR = 36.222350001335144 dB
Inf Result at Epoch 600 for variable ionization_H+ at time index 20: PSNR = 35.643011927604675 dB
Inf Result at Epoch 600 for variable ionization_H+ at time index 21: PSNR = 35.47171771526337 dB
Inf Result at Epoch 600 for variable ionization_H+ at time index 22: PSNR = 35.26742875576019 dB
Inf Result at Epoch 600 for variable ionization_H+ at time index 23: PSNR = 35.29666364192963 dB
Inf Result at Epoch 600 for variable ionization_H+ at time index 24: PSNR = 34.78944718837738 dB
Inf Result at Epoch 600 for variable ionization_H+ at time index 25: PSNR = 35.676695704460144 dB
Inf Result at Epoch 600 for variable ionization_H+ at time index 26: PSNR = 35.716630816459656 dB
Inf Result at Epoch 600 for variable ionization_H+ at time index 27: PSNR = 35.92939555644989 dB
Inf Result at Epoch 600 for variable ionization_H+ at time index 28: PSNR = 35.85051238536835 dB
Inf Result at Epoch 600 for variable ionization_H+ at time index 29: PSNR = 36.212002635002136 dB
Inf Result at Epoch 600 for variable ionization_H+ at time index 30: PSNR = 36.34541928768158 dB
Inf Result at Epoch 600 for variable ionization_H+ at time index 31: PSNR = 36.48819386959076 dB
Inf Result at Epoch 600 for variable ionization_H+ at time index 32: PSNR = 36.38064086437225 dB
Inf Result at Epoch 600 for variable ionization_H+ at time index 33: PSNR = 36.569077372550964 dB
Inf Result at Epoch 600 for variable ionization_H+ at time index 34: PSNR = 36.51197850704193 dB
Inf Result at Epoch 600 for variable ionization_H+ at time index 35: PSNR = 36.56472623348236 dB
Inf Result at Epoch 600 for variable ionization_H+ at time index 36: PSNR = 36.47216498851776 dB
Inf Result at Epoch 600 for variable ionization_H+ at time index 37: PSNR = 36.48572862148285 dB
Inf Result at Epoch 600 for variable ionization_H+ at time index 38: PSNR = 36.26357018947601 dB
Inf Result at Epoch 600 for variable ionization_H+ at time index 39: PSNR = 36.15766704082489 dB
Inf Result at Epoch 600 for variable ionization_H+ at time index 40: PSNR = 36.01620614528656 dB
Inf Result at Epoch 600 for variable ionization_H+ at time index 41: PSNR = 35.90988337993622 dB
Inf Result at Epoch 600 for variable ionization_H+ at time index 42: PSNR = 35.77283561229706 dB
Inf Result at Epoch 600 for variable ionization_H+ at time index 43: PSNR = 35.75992524623871 dB
Inf Result at Epoch 600 for variable ionization_H+ at time index 44: PSNR = 35.69349467754364 dB
Inf Result at Epoch 600 for variable ionization_H+ at time index 45: PSNR = 35.65627038478851 dB
Inf Result at Epoch 600 for variable ionization_H+ at time index 46: PSNR = 35.620171427726746 dB
Inf Result at Epoch 600 for variable ionization_H+ at time index 47: PSNR = 35.59055984020233 dB
Inf Result at Epoch 600 for variable ionization_H+ at time index 48: PSNR = 35.488426089286804 dB
Inf Result at Epoch 600 for variable ionization_H+ at time index 49: PSNR = 35.37264049053192 dB
Inf Result at Epoch 600 for variable ionization_H+ at time index 50: PSNR = 35.268349051475525 dB
Inf Result at Epoch 600 for variable ionization_H+ at time index 51: PSNR = 35.23922622203827 dB
Inf Result at Epoch 600 for variable ionization_H+ at time index 52: PSNR = 35.17969071865082 dB
Inf Result at Epoch 600 for variable ionization_H+ at time index 53: PSNR = 35.13802468776703 dB
Inf Result at Epoch 600 for variable ionization_H+ at time index 54: PSNR = 35.110127329826355 dB
Inf Result at Epoch 600 for variable ionization_H+ at time index 55: PSNR = 35.05960404872894 dB
Inf Result at Epoch 600 for variable ionization_H+ at time index 56: PSNR = 35.038928389549255 dB
Inf Result at Epoch 600 for variable ionization_H+ at time index 57: PSNR = 35.02460420131683 dB
Inf Result at Epoch 600 for variable ionization_H+ at time index 58: PSNR = 35.04366338253021 dB
Inf Result at Epoch 600 for variable ionization_H+ at time index 59: PSNR = 35.083574652671814 dB
Inf Result at Epoch 600 for variable ionization_H+ at time index 60: PSNR = 35.11917293071747 dB
Inf Result at Epoch 600 for variable ionization_H+ at time index 61: PSNR = 35.18412530422211 dB
Inf Result at Epoch 600 for variable ionization_H+ at time index 62: PSNR = 35.23727595806122 dB
Inf Result at Epoch 600 for variable ionization_H+ at time index 63: PSNR = 35.31852662563324 dB
Inf Result at Epoch 600 for variable ionization_H+ at time index 64: PSNR = 35.43539226055145 dB
Inf Result at Epoch 600 for variable ionization_H+ at time index 65: PSNR = 35.53459107875824 dB
Inf Result at Epoch 600 for variable ionization_H+ at time index 66: PSNR = 35.62191188335419 dB
Inf Result at Epoch 600 for variable ionization_H+ at time index 67: PSNR = 35.663668513298035 dB
Inf Result at Epoch 600 for variable ionization_H+ at time index 68: PSNR = 35.7034033536911 dB
Inf Result at Epoch 600 for variable ionization_H+ at time index 69: PSNR = 35.74494779109955 dB
Inf Result at Epoch 600 for variable ionization_H+ at time index 70: PSNR = 35.74728190898895 dB
Inf Result at Epoch 600 for variable ionization_H+ at time index 71: PSNR = 35.74174106121063 dB
Inf Result at Epoch 600 for variable ionization_H+ at time index 72: PSNR = 35.73573291301727 dB
Inf Result at Epoch 600 for variable ionization_H+ at time index 73: PSNR = 35.68452775478363 dB
Inf Result at Epoch 600 for variable ionization_H+ at time index 74: PSNR = 35.54187715053558 dB
Inf Result at Epoch 600 for variable ionization_H+ at time index 75: PSNR = 35.35339295864105 dB
Inf Result at Epoch 600 for variable ionization_H+ at time index 76: PSNR = 35.174893736839294 dB
Inf Result at Epoch 600 for variable ionization_H+ at time index 77: PSNR = 34.99406039714813 dB
Inf Result at Epoch 600 for variable ionization_H+ at time index 78: PSNR = 34.79850232601166 dB
Inf Result at Epoch 600 for variable ionization_H+ at time index 79: PSNR = 34.60124433040619 dB
Inf Result at Epoch 600 for variable ionization_H+ at time index 80: PSNR = 34.44060742855072 dB
Inf Result at Epoch 600 for variable ionization_H+ at time index 81: PSNR = 34.32849109172821 dB
Inf Result at Epoch 600 for variable ionization_H+ at time index 82: PSNR = 34.276601672172546 dB
Inf Result at Epoch 600 for variable ionization_H+ at time index 83: PSNR = 34.27479922771454 dB
Inf Result at Epoch 600 for variable ionization_H+ at time index 84: PSNR = 34.29594933986664 dB
Inf Result at Epoch 600 for variable ionization_H+ at time index 85: PSNR = 34.37400996685028 dB
Inf Result at Epoch 600 for variable ionization_H+ at time index 86: PSNR = 34.51360881328583 dB
Inf Result at Epoch 600 for variable ionization_H+ at time index 87: PSNR = 34.69994246959686 dB
Inf Result at Epoch 600 for variable ionization_H+ at time index 88: PSNR = 34.95052516460419 dB
Inf Result at Epoch 600 for variable ionization_H+ at time index 89: PSNR = 35.22852122783661 dB
Inf Result at Epoch 600 for variable ionization_H+ at time index 90: PSNR = 35.36678969860077 dB
Inf Result at Epoch 600 for variable ionization_H+ at time index 91: PSNR = 35.45016944408417 dB
Inf Result at Epoch 600 for variable ionization_H+ at time index 92: PSNR = 35.50844609737396 dB
Inf Result at Epoch 600 for variable ionization_H+ at time index 93: PSNR = 35.57544410228729 dB
Inf Result at Epoch 600 for variable ionization_H+ at time index 94: PSNR = 35.659231543540955 dB
Inf Result at Epoch 600 for variable ionization_H+ at time index 95: PSNR = 35.77119767665863 dB
Inf Result at Epoch 600 for variable ionization_H+ at time index 96: PSNR = 35.88683068752289 dB
Inf Result at Epoch 600 for variable ionization_H+ at time index 97: PSNR = 35.840627551078796 dB
Inf Result at Epoch 600 for variable ionization_H+ at time index 98: PSNR = 35.37334859371185 dB
Inf Result at Epoch 600 for variable ionization_H+ at time index 99: PSNR = 34.44746911525726 dB
Inf Result at Epoch 600 for variable ionization_H+ at time index 100: PSNR = 33.159794211387634 dB
Inf Result for variable ionization_H+ at Epoch 600: 35.42612962722778 dB
Inf Result at Epoch 600 for variable ionization_PD at time index 1: PSNR = 43.200363516807556 dB
Inf Result at Epoch 600 for variable ionization_PD at time index 2: PSNR = 42.8581827878952 dB
Inf Result at Epoch 600 for variable ionization_PD at time index 3: PSNR = 42.60495603084564 dB
Inf Result at Epoch 600 for variable ionization_PD at time index 4: PSNR = 43.2786101102829 dB
Inf Result at Epoch 600 for variable ionization_PD at time index 5: PSNR = 43.502110838890076 dB
Inf Result at Epoch 600 for variable ionization_PD at time index 6: PSNR = 42.90911853313446 dB
Inf Result at Epoch 600 for variable ionization_PD at time index 7: PSNR = 42.10815370082855 dB
Inf Result at Epoch 600 for variable ionization_PD at time index 8: PSNR = 44.101170897483826 dB
Inf Result at Epoch 600 for variable ionization_PD at time index 9: PSNR = 44.496299624443054 dB
Inf Result at Epoch 600 for variable ionization_PD at time index 10: PSNR = 44.59633767604828 dB
Inf Result at Epoch 600 for variable ionization_PD at time index 11: PSNR = 44.555596709251404 dB
Inf Result at Epoch 600 for variable ionization_PD at time index 12: PSNR = 44.07916486263275 dB
Inf Result at Epoch 600 for variable ionization_PD at time index 13: PSNR = 44.008912444114685 dB
Inf Result at Epoch 600 for variable ionization_PD at time index 14: PSNR = 45.23133933544159 dB
Inf Result at Epoch 600 for variable ionization_PD at time index 15: PSNR = 42.68737494945526 dB
Inf Result at Epoch 600 for variable ionization_PD at time index 16: PSNR = 43.22060525417328 dB
Inf Result at Epoch 600 for variable ionization_PD at time index 17: PSNR = 44.29292142391205 dB
Inf Result at Epoch 600 for variable ionization_PD at time index 18: PSNR = 44.588415026664734 dB
Inf Result at Epoch 600 for variable ionization_PD at time index 19: PSNR = 44.67045485973358 dB
Inf Result at Epoch 600 for variable ionization_PD at time index 20: PSNR = 44.75488364696503 dB
Inf Result at Epoch 600 for variable ionization_PD at time index 21: PSNR = 44.8567932844162 dB
Inf Result at Epoch 600 for variable ionization_PD at time index 22: PSNR = 44.80941712856293 dB
Inf Result at Epoch 600 for variable ionization_PD at time index 23: PSNR = 44.73841845989227 dB
Inf Result at Epoch 600 for variable ionization_PD at time index 24: PSNR = 44.68458354473114 dB
Inf Result at Epoch 600 for variable ionization_PD at time index 25: PSNR = 44.802157282829285 dB
Inf Result at Epoch 600 for variable ionization_PD at time index 26: PSNR = 44.6476811170578 dB
Inf Result at Epoch 600 for variable ionization_PD at time index 27: PSNR = 44.41722571849823 dB
Inf Result at Epoch 600 for variable ionization_PD at time index 28: PSNR = 44.34234797954559 dB
Inf Result at Epoch 600 for variable ionization_PD at time index 29: PSNR = 43.535277247428894 dB
Inf Result at Epoch 600 for variable ionization_PD at time index 30: PSNR = 44.19993340969086 dB
Inf Result at Epoch 600 for variable ionization_PD at time index 31: PSNR = 44.1564816236496 dB
Inf Result at Epoch 600 for variable ionization_PD at time index 32: PSNR = 43.6244934797287 dB
Inf Result at Epoch 600 for variable ionization_PD at time index 33: PSNR = 43.57118546962738 dB
Inf Result at Epoch 600 for variable ionization_PD at time index 34: PSNR = 43.58801543712616 dB
Inf Result at Epoch 600 for variable ionization_PD at time index 35: PSNR = 42.25066363811493 dB
Inf Result at Epoch 600 for variable ionization_PD at time index 36: PSNR = 42.35606610774994 dB
Inf Result at Epoch 600 for variable ionization_PD at time index 37: PSNR = 42.39038646221161 dB
Inf Result at Epoch 600 for variable ionization_PD at time index 38: PSNR = 42.58090913295746 dB
Inf Result at Epoch 600 for variable ionization_PD at time index 39: PSNR = 42.840206027030945 dB
Inf Result at Epoch 600 for variable ionization_PD at time index 40: PSNR = 43.331164717674255 dB
Inf Result at Epoch 600 for variable ionization_PD at time index 41: PSNR = 43.581218123435974 dB
Inf Result at Epoch 600 for variable ionization_PD at time index 42: PSNR = 43.655139803886414 dB
Inf Result at Epoch 600 for variable ionization_PD at time index 43: PSNR = 43.66605460643768 dB
Inf Result at Epoch 600 for variable ionization_PD at time index 44: PSNR = 43.68515908718109 dB
Inf Result at Epoch 600 for variable ionization_PD at time index 45: PSNR = 43.66280972957611 dB
Inf Result at Epoch 600 for variable ionization_PD at time index 46: PSNR = 43.595208525657654 dB
Inf Result at Epoch 600 for variable ionization_PD at time index 47: PSNR = 43.47736299037933 dB
Inf Result at Epoch 600 for variable ionization_PD at time index 48: PSNR = 43.35285842418671 dB
Inf Result at Epoch 600 for variable ionization_PD at time index 49: PSNR = 43.35998713970184 dB
Inf Result at Epoch 600 for variable ionization_PD at time index 50: PSNR = 43.31730306148529 dB
Inf Result at Epoch 600 for variable ionization_PD at time index 51: PSNR = 43.23626935482025 dB
Inf Result at Epoch 600 for variable ionization_PD at time index 52: PSNR = 43.19867789745331 dB
Inf Result at Epoch 600 for variable ionization_PD at time index 53: PSNR = 43.12987267971039 dB
Inf Result at Epoch 600 for variable ionization_PD at time index 54: PSNR = 43.01844775676727 dB
Inf Result at Epoch 600 for variable ionization_PD at time index 55: PSNR = 42.92544066905975 dB
Inf Result at Epoch 600 for variable ionization_PD at time index 56: PSNR = 42.79020965099335 dB
Inf Result at Epoch 600 for variable ionization_PD at time index 57: PSNR = 42.66818702220917 dB
Inf Result at Epoch 600 for variable ionization_PD at time index 58: PSNR = 42.52191245555878 dB
Inf Result at Epoch 600 for variable ionization_PD at time index 59: PSNR = 42.3653382062912 dB
Inf Result at Epoch 600 for variable ionization_PD at time index 60: PSNR = 42.292484641075134 dB
Inf Result at Epoch 600 for variable ionization_PD at time index 61: PSNR = 42.22830951213837 dB
Inf Result at Epoch 600 for variable ionization_PD at time index 62: PSNR = 42.23303020000458 dB
Inf Result at Epoch 600 for variable ionization_PD at time index 63: PSNR = 42.19569385051727 dB
Inf Result at Epoch 600 for variable ionization_PD at time index 64: PSNR = 42.16291129589081 dB
Inf Result at Epoch 600 for variable ionization_PD at time index 65: PSNR = 42.15091645717621 dB
Inf Result at Epoch 600 for variable ionization_PD at time index 66: PSNR = 42.09573447704315 dB
Inf Result at Epoch 600 for variable ionization_PD at time index 67: PSNR = 42.04574525356293 dB
Inf Result at Epoch 600 for variable ionization_PD at time index 68: PSNR = 42.036535143852234 dB
Inf Result at Epoch 600 for variable ionization_PD at time index 69: PSNR = 41.990734934806824 dB
Inf Result at Epoch 600 for variable ionization_PD at time index 70: PSNR = 42.10345447063446 dB
Inf Result at Epoch 600 for variable ionization_PD at time index 71: PSNR = 42.06053912639618 dB
Inf Result at Epoch 600 for variable ionization_PD at time index 72: PSNR = 42.0258229970932 dB
Inf Result at Epoch 600 for variable ionization_PD at time index 73: PSNR = 42.10478961467743 dB
Inf Result at Epoch 600 for variable ionization_PD at time index 74: PSNR = 42.19721257686615 dB
Inf Result at Epoch 600 for variable ionization_PD at time index 75: PSNR = 42.16201961040497 dB
Inf Result at Epoch 600 for variable ionization_PD at time index 76: PSNR = 42.15981185436249 dB
Inf Result at Epoch 600 for variable ionization_PD at time index 77: PSNR = 42.22535789012909 dB
Inf Result at Epoch 600 for variable ionization_PD at time index 78: PSNR = 42.31105029582977 dB
Inf Result at Epoch 600 for variable ionization_PD at time index 79: PSNR = 42.36005485057831 dB
Inf Result at Epoch 600 for variable ionization_PD at time index 80: PSNR = 42.404412627220154 dB
Inf Result at Epoch 600 for variable ionization_PD at time index 81: PSNR = 42.42518365383148 dB
Inf Result at Epoch 600 for variable ionization_PD at time index 82: PSNR = 42.35430657863617 dB
Inf Result at Epoch 600 for variable ionization_PD at time index 83: PSNR = 42.27013051509857 dB
Inf Result at Epoch 600 for variable ionization_PD at time index 84: PSNR = 42.39797532558441 dB
Inf Result at Epoch 600 for variable ionization_PD at time index 85: PSNR = 42.431153655052185 dB
Inf Result at Epoch 600 for variable ionization_PD at time index 86: PSNR = 42.33168065547943 dB
Inf Result at Epoch 600 for variable ionization_PD at time index 87: PSNR = 42.37402617931366 dB
Inf Result at Epoch 600 for variable ionization_PD at time index 88: PSNR = 42.361878752708435 dB
Inf Result at Epoch 600 for variable ionization_PD at time index 89: PSNR = 42.44921624660492 dB
Inf Result at Epoch 600 for variable ionization_PD at time index 90: PSNR = 42.416643500328064 dB
Inf Result at Epoch 600 for variable ionization_PD at time index 91: PSNR = 42.34571397304535 dB
Inf Result at Epoch 600 for variable ionization_PD at time index 92: PSNR = 42.0960396528244 dB
Inf Result at Epoch 600 for variable ionization_PD at time index 93: PSNR = 42.22378432750702 dB
Inf Result at Epoch 600 for variable ionization_PD at time index 94: PSNR = 42.19327628612518 dB
Inf Result at Epoch 600 for variable ionization_PD at time index 95: PSNR = 42.057759165763855 dB
Inf Result at Epoch 600 for variable ionization_PD at time index 96: PSNR = 41.87866389751434 dB
Inf Result at Epoch 600 for variable ionization_PD at time index 97: PSNR = 41.57653987407684 dB
Inf Result at Epoch 600 for variable ionization_PD at time index 98: PSNR = 41.09074294567108 dB
Inf Result at Epoch 600 for variable ionization_PD at time index 99: PSNR = 40.41516721248627 dB
Inf Result at Epoch 600 for variable ionization_PD at time index 100: PSNR = 39.48468863964081 dB
Inf Result for variable ionization_PD at Epoch 600: 42.97397029399872 dB
Inf Result at Epoch 600 for variable ionization_H2 at time index 1: PSNR = 39.42519128322601 dB
Inf Result at Epoch 600 for variable ionization_H2 at time index 2: PSNR = 40.70491015911102 dB
Inf Result at Epoch 600 for variable ionization_H2 at time index 3: PSNR = 41.42942130565643 dB
Inf Result at Epoch 600 for variable ionization_H2 at time index 4: PSNR = 41.99910342693329 dB
Inf Result at Epoch 600 for variable ionization_H2 at time index 5: PSNR = 40.26861846446991 dB
Inf Result at Epoch 600 for variable ionization_H2 at time index 6: PSNR = 40.4000586271286 dB
Inf Result at Epoch 600 for variable ionization_H2 at time index 7: PSNR = 39.17078197002411 dB
Inf Result at Epoch 600 for variable ionization_H2 at time index 8: PSNR = 39.33522641658783 dB
Inf Result at Epoch 600 for variable ionization_H2 at time index 9: PSNR = 39.92827117443085 dB
Inf Result at Epoch 600 for variable ionization_H2 at time index 10: PSNR = 40.51346004009247 dB
Inf Result at Epoch 600 for variable ionization_H2 at time index 11: PSNR = 40.97890079021454 dB
Inf Result at Epoch 600 for variable ionization_H2 at time index 12: PSNR = 40.87205350399017 dB
Inf Result at Epoch 600 for variable ionization_H2 at time index 13: PSNR = 40.05640685558319 dB
Inf Result at Epoch 600 for variable ionization_H2 at time index 14: PSNR = 39.263381361961365 dB
Inf Result at Epoch 600 for variable ionization_H2 at time index 15: PSNR = 39.03488099575043 dB
Inf Result at Epoch 600 for variable ionization_H2 at time index 16: PSNR = 38.803274035453796 dB
Inf Result at Epoch 600 for variable ionization_H2 at time index 17: PSNR = 38.71363341808319 dB
Inf Result at Epoch 600 for variable ionization_H2 at time index 18: PSNR = 38.554317355155945 dB
Inf Result at Epoch 600 for variable ionization_H2 at time index 19: PSNR = 39.109241366386414 dB
Inf Result at Epoch 600 for variable ionization_H2 at time index 20: PSNR = 39.59929645061493 dB
Inf Result at Epoch 600 for variable ionization_H2 at time index 21: PSNR = 39.34682786464691 dB
Inf Result at Epoch 600 for variable ionization_H2 at time index 22: PSNR = 38.972925543785095 dB
Inf Result at Epoch 600 for variable ionization_H2 at time index 23: PSNR = 39.03802573680878 dB
Inf Result at Epoch 600 for variable ionization_H2 at time index 24: PSNR = 39.695486426353455 dB
Inf Result at Epoch 600 for variable ionization_H2 at time index 25: PSNR = 42.04268157482147 dB
Inf Result at Epoch 600 for variable ionization_H2 at time index 26: PSNR = 41.46943509578705 dB
Inf Result at Epoch 600 for variable ionization_H2 at time index 27: PSNR = 42.67162501811981 dB
Inf Result at Epoch 600 for variable ionization_H2 at time index 28: PSNR = 41.711456179618835 dB
Inf Result at Epoch 600 for variable ionization_H2 at time index 29: PSNR = 43.86721312999725 dB
Inf Result at Epoch 600 for variable ionization_H2 at time index 30: PSNR = 43.80450427532196 dB
Inf Result at Epoch 600 for variable ionization_H2 at time index 31: PSNR = 43.91664206981659 dB
Inf Result at Epoch 600 for variable ionization_H2 at time index 32: PSNR = 44.796215891838074 dB
Inf Result at Epoch 600 for variable ionization_H2 at time index 33: PSNR = 44.78594481945038 dB
Inf Result at Epoch 600 for variable ionization_H2 at time index 34: PSNR = 44.35457408428192 dB
Inf Result at Epoch 600 for variable ionization_H2 at time index 35: PSNR = 44.270917773246765 dB
Inf Result at Epoch 600 for variable ionization_H2 at time index 36: PSNR = 45.00090301036835 dB
Inf Result at Epoch 600 for variable ionization_H2 at time index 37: PSNR = 44.33586776256561 dB
Inf Result at Epoch 600 for variable ionization_H2 at time index 38: PSNR = 45.0045508146286 dB
Inf Result at Epoch 600 for variable ionization_H2 at time index 39: PSNR = 44.466251730918884 dB
Inf Result at Epoch 600 for variable ionization_H2 at time index 40: PSNR = 42.85872161388397 dB
Inf Result at Epoch 600 for variable ionization_H2 at time index 41: PSNR = 44.60754334926605 dB
Inf Result at Epoch 600 for variable ionization_H2 at time index 42: PSNR = 44.87928092479706 dB
Inf Result at Epoch 600 for variable ionization_H2 at time index 43: PSNR = 44.98443782329559 dB
Inf Result at Epoch 600 for variable ionization_H2 at time index 44: PSNR = 43.33023726940155 dB
Inf Result at Epoch 600 for variable ionization_H2 at time index 45: PSNR = 44.907044768333435 dB
Inf Result at Epoch 600 for variable ionization_H2 at time index 46: PSNR = 45.046417117118835 dB
Inf Result at Epoch 600 for variable ionization_H2 at time index 47: PSNR = 44.10560071468353 dB
Inf Result at Epoch 600 for variable ionization_H2 at time index 48: PSNR = 45.822803378105164 dB
Inf Result at Epoch 600 for variable ionization_H2 at time index 49: PSNR = 44.77054297924042 dB
Inf Result at Epoch 600 for variable ionization_H2 at time index 50: PSNR = 44.69599664211273 dB
Inf Result at Epoch 600 for variable ionization_H2 at time index 51: PSNR = 43.601338267326355 dB
Inf Result at Epoch 600 for variable ionization_H2 at time index 52: PSNR = 45.793935656547546 dB
Inf Result at Epoch 600 for variable ionization_H2 at time index 53: PSNR = 46.37851417064667 dB
Inf Result at Epoch 600 for variable ionization_H2 at time index 54: PSNR = 45.598575472831726 dB
Inf Result at Epoch 600 for variable ionization_H2 at time index 55: PSNR = 45.99291980266571 dB
Inf Result at Epoch 600 for variable ionization_H2 at time index 56: PSNR = 45.17044484615326 dB
Inf Result at Epoch 600 for variable ionization_H2 at time index 57: PSNR = 45.74816405773163 dB
Inf Result at Epoch 600 for variable ionization_H2 at time index 58: PSNR = 46.027604937553406 dB
Inf Result at Epoch 600 for variable ionization_H2 at time index 59: PSNR = 46.184555888175964 dB
Inf Result at Epoch 600 for variable ionization_H2 at time index 60: PSNR = 46.00356042385101 dB
Inf Result at Epoch 600 for variable ionization_H2 at time index 61: PSNR = 45.47823369503021 dB
Inf Result at Epoch 600 for variable ionization_H2 at time index 62: PSNR = 42.81542956829071 dB
Inf Result at Epoch 600 for variable ionization_H2 at time index 63: PSNR = 44.31031405925751 dB
Inf Result at Epoch 600 for variable ionization_H2 at time index 64: PSNR = 44.57774102687836 dB
Inf Result at Epoch 600 for variable ionization_H2 at time index 65: PSNR = 43.73384416103363 dB
Inf Result at Epoch 600 for variable ionization_H2 at time index 66: PSNR = 43.48179042339325 dB
Inf Result at Epoch 600 for variable ionization_H2 at time index 67: PSNR = 42.77382552623749 dB
Inf Result at Epoch 600 for variable ionization_H2 at time index 68: PSNR = 42.200981974601746 dB
Inf Result at Epoch 600 for variable ionization_H2 at time index 69: PSNR = 40.97939670085907 dB
Inf Result at Epoch 600 for variable ionization_H2 at time index 70: PSNR = 41.33654773235321 dB
Inf Result at Epoch 600 for variable ionization_H2 at time index 71: PSNR = 40.826751589775085 dB
Inf Result at Epoch 600 for variable ionization_H2 at time index 72: PSNR = 40.77975928783417 dB
Inf Result at Epoch 600 for variable ionization_H2 at time index 73: PSNR = 40.332226157188416 dB
Inf Result at Epoch 600 for variable ionization_H2 at time index 74: PSNR = 39.79610860347748 dB
Inf Result at Epoch 600 for variable ionization_H2 at time index 75: PSNR = 39.60594594478607 dB
Inf Result at Epoch 600 for variable ionization_H2 at time index 76: PSNR = 40.21484076976776 dB
Inf Result at Epoch 600 for variable ionization_H2 at time index 77: PSNR = 40.77532947063446 dB
Inf Result at Epoch 600 for variable ionization_H2 at time index 78: PSNR = 40.889522433280945 dB
Inf Result at Epoch 600 for variable ionization_H2 at time index 79: PSNR = 40.73704659938812 dB
Inf Result at Epoch 600 for variable ionization_H2 at time index 80: PSNR = 40.19606053829193 dB
Inf Result at Epoch 600 for variable ionization_H2 at time index 81: PSNR = 39.55394446849823 dB
Inf Result at Epoch 600 for variable ionization_H2 at time index 82: PSNR = 38.349618315696716 dB
Inf Result at Epoch 600 for variable ionization_H2 at time index 83: PSNR = 36.93769633769989 dB
Inf Result at Epoch 600 for variable ionization_H2 at time index 84: PSNR = 38.89178931713104 dB
Inf Result at Epoch 600 for variable ionization_H2 at time index 85: PSNR = 42.51980245113373 dB
Inf Result at Epoch 600 for variable ionization_H2 at time index 86: PSNR = 42.176446318626404 dB
Inf Result at Epoch 600 for variable ionization_H2 at time index 87: PSNR = 41.68018281459808 dB
Inf Result at Epoch 600 for variable ionization_H2 at time index 88: PSNR = 41.80487334728241 dB
Inf Result at Epoch 600 for variable ionization_H2 at time index 89: PSNR = 41.02785050868988 dB
Inf Result at Epoch 600 for variable ionization_H2 at time index 90: PSNR = 37.75206744670868 dB
Inf Result at Epoch 600 for variable ionization_H2 at time index 91: PSNR = 38.78272473812103 dB
Inf Result at Epoch 600 for variable ionization_H2 at time index 92: PSNR = 39.135674834251404 dB
Inf Result at Epoch 600 for variable ionization_H2 at time index 93: PSNR = 38.64924371242523 dB
Inf Result at Epoch 600 for variable ionization_H2 at time index 94: PSNR = 39.641682505607605 dB
Inf Result at Epoch 600 for variable ionization_H2 at time index 95: PSNR = 40.38754880428314 dB
Inf Result at Epoch 600 for variable ionization_H2 at time index 96: PSNR = 41.09446465969086 dB
Inf Result at Epoch 600 for variable ionization_H2 at time index 97: PSNR = 41.21366202831268 dB
Inf Result at Epoch 600 for variable ionization_H2 at time index 98: PSNR = 40.06880700588226 dB
Inf Result at Epoch 600 for variable ionization_H2 at time index 99: PSNR = 37.42582023143768 dB
Inf Result at Epoch 600 for variable ionization_H2 at time index 100: PSNR = 35.2378123998642 dB
Inf Result for variable ionization_H2 at Epoch 600: 41.86394126415253 dB
Inf Result at Epoch 600 for variable ionization_GT at time index 1: PSNR = 40.98451793193817 dB
Inf Result at Epoch 600 for variable ionization_GT at time index 2: PSNR = 41.010584235191345 dB
Inf Result at Epoch 600 for variable ionization_GT at time index 3: PSNR = 40.33218324184418 dB
Inf Result at Epoch 600 for variable ionization_GT at time index 4: PSNR = 40.26141822338104 dB
Inf Result at Epoch 600 for variable ionization_GT at time index 5: PSNR = 41.36441886425018 dB
Inf Result at Epoch 600 for variable ionization_GT at time index 6: PSNR = 36.083895564079285 dB
Inf Result at Epoch 600 for variable ionization_GT at time index 7: PSNR = 29.97180163860321 dB
Inf Result at Epoch 600 for variable ionization_GT at time index 8: PSNR = 31.00238025188446 dB
Inf Result at Epoch 600 for variable ionization_GT at time index 9: PSNR = 42.81209409236908 dB
Inf Result at Epoch 600 for variable ionization_GT at time index 10: PSNR = 34.81550633907318 dB
Inf Result at Epoch 600 for variable ionization_GT at time index 11: PSNR = 33.72553765773773 dB
Inf Result at Epoch 600 for variable ionization_GT at time index 12: PSNR = 38.05907189846039 dB
Inf Result at Epoch 600 for variable ionization_GT at time index 13: PSNR = 42.85769879817963 dB
Inf Result at Epoch 600 for variable ionization_GT at time index 14: PSNR = 41.52409255504608 dB
Inf Result at Epoch 600 for variable ionization_GT at time index 15: PSNR = 42.547683119773865 dB
Inf Result at Epoch 600 for variable ionization_GT at time index 16: PSNR = 43.05794656276703 dB
Inf Result at Epoch 600 for variable ionization_GT at time index 17: PSNR = 43.01149547100067 dB
Inf Result at Epoch 600 for variable ionization_GT at time index 18: PSNR = 36.63715064525604 dB
Inf Result at Epoch 600 for variable ionization_GT at time index 19: PSNR = 28.45280110836029 dB
Inf Result at Epoch 600 for variable ionization_GT at time index 20: PSNR = 28.20476472377777 dB
Inf Result at Epoch 600 for variable ionization_GT at time index 21: PSNR = 41.37225806713104 dB
Inf Result at Epoch 600 for variable ionization_GT at time index 22: PSNR = 40.111016631126404 dB
Inf Result at Epoch 600 for variable ionization_GT at time index 23: PSNR = 41.180657744407654 dB
Inf Result at Epoch 600 for variable ionization_GT at time index 24: PSNR = 40.63778340816498 dB
Inf Result at Epoch 600 for variable ionization_GT at time index 25: PSNR = 41.15898072719574 dB
Inf Result at Epoch 600 for variable ionization_GT at time index 26: PSNR = 39.71608817577362 dB
Inf Result at Epoch 600 for variable ionization_GT at time index 27: PSNR = 40.86134612560272 dB
Inf Result at Epoch 600 for variable ionization_GT at time index 28: PSNR = 40.57279288768768 dB
Inf Result at Epoch 600 for variable ionization_GT at time index 29: PSNR = 41.09158933162689 dB
Inf Result at Epoch 600 for variable ionization_GT at time index 30: PSNR = 41.010817885398865 dB
Inf Result at Epoch 600 for variable ionization_GT at time index 31: PSNR = 41.0229367017746 dB
Inf Result at Epoch 600 for variable ionization_GT at time index 32: PSNR = 40.866424441337585 dB
Inf Result at Epoch 600 for variable ionization_GT at time index 33: PSNR = 40.792919993400574 dB
Inf Result at Epoch 600 for variable ionization_GT at time index 34: PSNR = 40.56093394756317 dB
Inf Result at Epoch 600 for variable ionization_GT at time index 35: PSNR = 40.41667878627777 dB
Inf Result at Epoch 600 for variable ionization_GT at time index 36: PSNR = 39.9759715795517 dB
Inf Result at Epoch 600 for variable ionization_GT at time index 37: PSNR = 40.47974765300751 dB
Inf Result at Epoch 600 for variable ionization_GT at time index 38: PSNR = 40.18432557582855 dB
Inf Result at Epoch 600 for variable ionization_GT at time index 39: PSNR = 40.273467898368835 dB
Inf Result at Epoch 600 for variable ionization_GT at time index 40: PSNR = 40.02044141292572 dB
Inf Result at Epoch 600 for variable ionization_GT at time index 41: PSNR = 40.1483553647995 dB
Inf Result at Epoch 600 for variable ionization_GT at time index 42: PSNR = 40.05202233791351 dB
Inf Result at Epoch 600 for variable ionization_GT at time index 43: PSNR = 39.859203696250916 dB
Inf Result at Epoch 600 for variable ionization_GT at time index 44: PSNR = 39.82633054256439 dB
Inf Result at Epoch 600 for variable ionization_GT at time index 45: PSNR = 39.98377501964569 dB
Inf Result at Epoch 600 for variable ionization_GT at time index 46: PSNR = 38.975483775138855 dB
Inf Result at Epoch 600 for variable ionization_GT at time index 47: PSNR = 38.3327454328537 dB
Inf Result at Epoch 600 for variable ionization_GT at time index 48: PSNR = 38.2713383436203 dB
Inf Result at Epoch 600 for variable ionization_GT at time index 49: PSNR = 40.21628797054291 dB
Inf Result at Epoch 600 for variable ionization_GT at time index 50: PSNR = 36.06770217418671 dB
Inf Result at Epoch 600 for variable ionization_GT at time index 51: PSNR = 36.12269580364227 dB
Inf Result at Epoch 600 for variable ionization_GT at time index 52: PSNR = 38.94921958446503 dB
Inf Result at Epoch 600 for variable ionization_GT at time index 53: PSNR = 40.789074301719666 dB
Inf Result at Epoch 600 for variable ionization_GT at time index 54: PSNR = 40.242504477500916 dB
Inf Result at Epoch 600 for variable ionization_GT at time index 55: PSNR = 40.692285895347595 dB
Inf Result at Epoch 600 for variable ionization_GT at time index 56: PSNR = 40.819801688194275 dB
Inf Result at Epoch 600 for variable ionization_GT at time index 57: PSNR = 40.93397796154022 dB
Inf Result at Epoch 600 for variable ionization_GT at time index 58: PSNR = 39.41054284572601 dB
Inf Result at Epoch 600 for variable ionization_GT at time index 59: PSNR = 33.989097476005554 dB
Inf Result at Epoch 600 for variable ionization_GT at time index 60: PSNR = 29.463219046592712 dB
Inf Result at Epoch 600 for variable ionization_GT at time index 61: PSNR = 41.174182295799255 dB
Inf Result at Epoch 600 for variable ionization_GT at time index 62: PSNR = 32.57097661495209 dB
Inf Result at Epoch 600 for variable ionization_GT at time index 63: PSNR = 33.33176076412201 dB
Inf Result at Epoch 600 for variable ionization_GT at time index 64: PSNR = 37.5229948759079 dB
Inf Result at Epoch 600 for variable ionization_GT at time index 65: PSNR = 42.11763799190521 dB
Inf Result at Epoch 600 for variable ionization_GT at time index 66: PSNR = 36.17757260799408 dB
Inf Result at Epoch 600 for variable ionization_GT at time index 67: PSNR = 24.436081051826477 dB
Inf Result at Epoch 600 for variable ionization_GT at time index 68: PSNR = 24.852647185325623 dB
Inf Result at Epoch 600 for variable ionization_GT at time index 69: PSNR = 40.03288447856903 dB
Inf Result at Epoch 600 for variable ionization_GT at time index 70: PSNR = 36.29790723323822 dB
Inf Result at Epoch 600 for variable ionization_GT at time index 71: PSNR = 33.76379191875458 dB
Inf Result at Epoch 600 for variable ionization_GT at time index 72: PSNR = 37.70496070384979 dB
Inf Result at Epoch 600 for variable ionization_GT at time index 73: PSNR = 40.808672308921814 dB
Inf Result at Epoch 600 for variable ionization_GT at time index 74: PSNR = 31.383342146873474 dB
Inf Result at Epoch 600 for variable ionization_GT at time index 75: PSNR = 35.58077275753021 dB
Inf Result at Epoch 600 for variable ionization_GT at time index 76: PSNR = 39.78050410747528 dB
Inf Result at Epoch 600 for variable ionization_GT at time index 77: PSNR = 40.401946902275085 dB
Inf Result at Epoch 600 for variable ionization_GT at time index 78: PSNR = 39.71024930477142 dB
Inf Result at Epoch 600 for variable ionization_GT at time index 79: PSNR = 38.51049602031708 dB
Inf Result at Epoch 600 for variable ionization_GT at time index 80: PSNR = 38.12968909740448 dB
Inf Result at Epoch 600 for variable ionization_GT at time index 81: PSNR = 39.88843381404877 dB
Inf Result at Epoch 600 for variable ionization_GT at time index 82: PSNR = 35.59257686138153 dB
Inf Result at Epoch 600 for variable ionization_GT at time index 83: PSNR = 34.581820368766785 dB
Inf Result at Epoch 600 for variable ionization_GT at time index 84: PSNR = 35.40515601634979 dB
Inf Result at Epoch 600 for variable ionization_GT at time index 85: PSNR = 39.310471415519714 dB
Inf Result at Epoch 600 for variable ionization_GT at time index 86: PSNR = 35.29842555522919 dB
Inf Result at Epoch 600 for variable ionization_GT at time index 87: PSNR = 34.407896399497986 dB
Inf Result at Epoch 600 for variable ionization_GT at time index 88: PSNR = 37.20662534236908 dB
Inf Result at Epoch 600 for variable ionization_GT at time index 89: PSNR = 39.024266600608826 dB
Inf Result at Epoch 600 for variable ionization_GT at time index 90: PSNR = 39.040977358818054 dB
Inf Result at Epoch 600 for variable ionization_GT at time index 91: PSNR = 38.98659884929657 dB
Inf Result at Epoch 600 for variable ionization_GT at time index 92: PSNR = 38.98934304714203 dB
Inf Result at Epoch 600 for variable ionization_GT at time index 93: PSNR = 39.040696024894714 dB
Inf Result at Epoch 600 for variable ionization_GT at time index 94: PSNR = 39.09007012844086 dB
Inf Result at Epoch 600 for variable ionization_GT at time index 95: PSNR = 39.06083524227142 dB
Inf Result at Epoch 600 for variable ionization_GT at time index 96: PSNR = 39.01690423488617 dB
Inf Result at Epoch 600 for variable ionization_GT at time index 97: PSNR = 38.81795585155487 dB
Inf Result at Epoch 600 for variable ionization_GT at time index 98: PSNR = 38.34725081920624 dB
Inf Result at Epoch 600 for variable ionization_GT at time index 99: PSNR = 37.64222800731659 dB
Inf Result at Epoch 600 for variable ionization_GT at time index 100: PSNR = 36.742605566978455 dB
Inf Result for variable ionization_GT at Epoch 600: 38.21950093507767 dB
Total Averaged Inf Result at Epoch 600: 39.62088553011417 dB

